g:\vs2019cppproject\mfcapplication1\mfcapplication1\debug\mfcapplication1.pch
g:\vs2019cppproject\mfcapplication1\mfcapplication1\debug\vc142.pdb
g:\vs2019cppproject\mfcapplication1\mfcapplication1\debug\vc142.idb
g:\vs2019cppproject\mfcapplication1\mfcapplication1\debug\pch.obj
g:\vs2019cppproject\mfcapplication1\mfcapplication1\debug\mfcapplication1dlg.obj
g:\vs2019cppproject\mfcapplication1\mfcapplication1\debug\mfcapplication1.obj
g:\vs2019cppproject\mfcapplication1\mfcapplication1\debug\cdlgexec.obj
g:\vs2019cppproject\mfcapplication1\mfcapplication1\debug\cdlgexec1.obj
g:\vs2019cppproject\mfcapplication1\mfcapplication1\debug\mfcapplication1.res
g:\vs2019cppproject\mfcapplication1\debug\mfcapplication1.pdb
g:\vs2019cppproject\mfcapplication1\mfcapplication1\debug\mfcapplication1.tlog\cl.command.1.tlog
g:\vs2019cppproject\mfcapplication1\mfcapplication1\debug\mfcapplication1.tlog\cl.read.1.tlog
g:\vs2019cppproject\mfcapplication1\mfcapplication1\debug\mfcapplication1.tlog\cl.write.1.tlog
g:\vs2019cppproject\mfcapplication1\mfcapplication1\debug\mfcapplication1.tlog\link-cvtres.read.1.tlog
g:\vs2019cppproject\mfcapplication1\mfcapplication1\debug\mfcapplication1.tlog\link-cvtres.write.1.tlog
g:\vs2019cppproject\mfcapplication1\mfcapplication1\debug\mfcapplication1.tlog\link-mt.read.1.tlog
g:\vs2019cppproject\mfcapplication1\mfcapplication1\debug\mfcapplication1.tlog\link-mt.write.1.tlog
g:\vs2019cppproject\mfcapplication1\mfcapplication1\debug\mfcapplication1.tlog\link-rc.read.1.tlog
g:\vs2019cppproject\mfcapplication1\mfcapplication1\debug\mfcapplication1.tlog\link-rc.write.1.tlog
g:\vs2019cppproject\mfcapplication1\mfcapplication1\debug\mfcapplication1.tlog\link.6204-cvtres.read.1.tlog
g:\vs2019cppproject\mfcapplication1\mfcapplication1\debug\mfcapplication1.tlog\link.6204-cvtres.write.1.tlog
g:\vs2019cppproject\mfcapplication1\mfcapplication1\debug\mfcapplication1.tlog\link.6204-mt.read.1.tlog
g:\vs2019cppproject\mfcapplication1\mfcapplication1\debug\mfcapplication1.tlog\link.6204-mt.write.1.tlog
g:\vs2019cppproject\mfcapplication1\mfcapplication1\debug\mfcapplication1.tlog\link.6204-rc.read.1.tlog
g:\vs2019cppproject\mfcapplication1\mfcapplication1\debug\mfcapplication1.tlog\link.6204-rc.write.1.tlog
g:\vs2019cppproject\mfcapplication1\mfcapplication1\debug\mfcapplication1.tlog\link.6204.read.1.tlog
g:\vs2019cppproject\mfcapplication1\mfcapplication1\debug\mfcapplication1.tlog\link.6204.write.1.tlog
g:\vs2019cppproject\mfcapplication1\mfcapplication1\debug\mfcapplication1.tlog\link.command.1.tlog
g:\vs2019cppproject\mfcapplication1\mfcapplication1\debug\mfcapplication1.tlog\link.read.1.tlog
g:\vs2019cppproject\mfcapplication1\mfcapplication1\debug\mfcapplication1.tlog\link.write.1.tlog
g:\vs2019cppproject\mfcapplication1\mfcapplication1\debug\mfcapplication1.tlog\rc.command.1.tlog
g:\vs2019cppproject\mfcapplication1\mfcapplication1\debug\mfcapplication1.tlog\rc.read.1.tlog
g:\vs2019cppproject\mfcapplication1\mfcapplication1\debug\mfcapplication1.tlog\rc.write.1.tlog
